2025-11-11 20:10:40,955 - INFO - Project root: W:\CMU_Academics\2025 Fall\Learning for 3D Vision\CMU16825_Final_project
2025-11-11 20:10:40,955 - INFO - Data root: W:\CMU_Academics\2025 Fall\Learning for 3D Vision\CMU16825_Final_project\data\Omni-CAD
2025-11-11 20:10:40,955 - INFO - DeepCAD root: W:\CMU_Academics\2025 Fall\Learning for 3D Vision\CMU16825_Final_project\3rd_party\DeepCAD
2025-11-11 20:10:40,955 - INFO - ================================================================================
2025-11-11 20:10:40,955 - INFO - OMNI-CAD OVERNIGHT PROCESSING PIPELINE
2025-11-11 20:10:40,955 - INFO - ================================================================================
2025-11-11 20:10:40,955 - INFO - Started at: 2025-11-11 20:10:40
2025-11-11 20:10:40,955 - INFO - ================================================================================
2025-11-11 20:10:40,955 - INFO - ================================================================================
2025-11-11 20:10:40,956 - INFO - STEP 0: Checking environment...
2025-11-11 20:10:40,956 - INFO - ================================================================================
2025-11-11 20:10:40,984 - INFO - ================================================================================
2025-11-11 20:10:40,984 - INFO - STEP 1: Installing dependencies...
2025-11-11 20:10:40,984 - INFO - ================================================================================
2025-11-11 20:10:40,985 - INFO - Installing DeepCAD requirements...
2025-11-11 20:10:58,425 - WARNING - Some packages failed to install: ERROR: Ignored the following versions that require a different python version: 1.1 Requires-Python >=3.9; 1.1.1 Requires-Python >=3.9; 1.1.2 Requires-Python >=3.9; 1.1.3 Requires-Python >=3.9; 1.11.0 Requires-Python <3.13,>=3.9; 1.11.0rc1 Requires-Python <3.13,>=3.9; 1.11.0rc2 Requires-Python <3.13,>=3.9; 1.11.1 Requires-Python <3.13,>=3.9; 1.11.2 Requires-Python <3.13,>=3.9; 1.11.3 Requires-Python <3.13,>=3.9; 1.11.4 Requires-Python >=3.9; 1.12.0 Requires-Python >=3.9; 1.12.0rc1 Requires-Python >=3.9; 1.12.0rc2 Requires-Python >=3.9; 1.13.0 Requires-Python >=3.9; 1.13.0rc1 Requires-Python >=3.9; 1.13.1 Requires-Python >=3.9; 1.14.0 Requires-Python >=3.10; 1.14.0rc1 Requires-Python >=3.10; 1.14.0rc2 Requires-Python >=3.10; 1.14.1 Requires-Python >=3.10; 1.15.0 Requires-Python >=3.10; 1.15.0rc1 Requires-Python >=3.10; 1.15.0rc2 Requires-Python >=3.10; 1.15.1 Requires-Python >=3.10; 1.15.2 Requires-Python >=3.10; 1.15.3 Requires-Python >=3.10; 1.16.0 Requires-Python >=3.11; 1.16.0rc1 Requires-Python >=3.11; 1.16.0rc2 Requires-Python >=3.11; 1.16.1 Requires-Python >=3.11; 1.16.2 Requires-Python >=3.11; 1.16.3 Requires-Python >=3.11; 1.25.0 Requires-Python >=3.9; 1.25.1 Requires-Python >=3.9; 1.25.2 Requires-Python >=3.9; 1.26.0 Requires-Python <3.13,>=3.9; 1.26.1 Requires-Python <3.13,>=3.9; 1.26.2 Requires-Python >=3.9; 1.26.3 Requires-Python >=3.9; 1.26.4 Requires-Python >=3.9; 1.5.0 Requires-Python >=3.9; 1.5.1 Requires-Python >=3.9; 1.5.2 Requires-Python >=3.9; 11.0.0 Requires-Python >=3.9; 11.1.0 Requires-Python >=3.9; 11.2.1 Requires-Python >=3.9; 11.3.0 Requires-Python >=3.9; 12.0.0 Requires-Python >=3.10; 2.0.0 Requires-Python >=3.9; 2.0.1 Requires-Python >=3.9; 2.0.2 Requires-Python >=3.9; 2.1.0 Requires-Python >=3.10; 2.1.1 Requires-Python >=3.10; 2.1.2 Requires-Python >=3.10; 2.1.3 Requires-Python >=3.10; 2.2.0 Requires-Python >=3.10; 2.2.1 Requires-Python >=3.10; 2.2.2 Requires-Python >=3.10; 2.2.3 Requires-Python >=3.10; 2.2.4 Requires-Python >=3.10; 2.2.5 Requires-Python >=3.10; 2.2.6 Requires-Python >=3.10; 2.3.0 Requires-Python >=3.11; 2.3.1 Requires-Python >=3.11; 2.3.2 Requires-Python >=3.11; 2.3.3 Requires-Python >=3.11; 2.3.4 Requires-Python >=3.11; 2.6.4 Requires-Python >=3.9; 3.10.0 Requires-Python >=3.10; 3.10.0rc1 Requires-Python >=3.10; 3.10.1 Requires-Python >=3.10; 3.10.3 Requires-Python >=3.10; 3.10.5 Requires-Python >=3.10; 3.10.6 Requires-Python >=3.10; 3.10.7 Requires-Python >=3.10; 3.12.0 Requires-Python >=3.9; 3.12.1 Requires-Python >=3.9; 3.13.0 Requires-Python >=3.9; 3.14.0 Requires-Python >=3.9; 3.15.0 Requires-Python >=3.10; 3.15.1 Requires-Python >=3.10; 3.8.0 Requires-Python >=3.9; 3.8.0rc1 Requires-Python >=3.9; 3.8.1 Requires-Python >=3.9; 3.8.2 Requires-Python >=3.9; 3.8.3 Requires-Python >=3.9; 3.8.4 Requires-Python >=3.9; 3.9.0 Requires-Python >=3.9; 3.9.0rc2 Requires-Python >=3.9; 3.9.1 Requires-Python >=3.9; 3.9.1.post1 Requires-Python >=3.9; 3.9.2 Requires-Python >=3.9; 3.9.3 Requires-Python >=3.9; 3.9.4 Requires-Python >=3.9
ERROR: Could not find a version that satisfies the requirement torch==1.5.1 (from versions: 1.7.1, 1.8.0, 1.8.1, 1.9.0, 1.9.1, 1.10.0, 1.10.1, 1.10.2, 1.11.0, 1.12.0, 1.12.1, 1.13.0, 1.13.1, 2.0.0, 2.0.1, 2.1.0, 2.1.1, 2.1.2, 2.2.0, 2.2.1, 2.2.2, 2.3.0, 2.3.1, 2.4.0, 2.4.1)
ERROR: No matching distribution found for torch==1.5.1

2025-11-11 20:10:58,426 - INFO - Checking pythonocc-core installation...
2025-11-11 20:10:58,465 - INFO - ================================================================================
2025-11-11 20:10:58,465 - INFO - STEP 2: Exporting JSON to STEP format...
2025-11-11 20:10:58,465 - INFO - ================================================================================
2025-11-11 20:10:58,466 - INFO - Found 100 folders to process
2025-11-11 20:10:58,466 - INFO - Running command: python W:\CMU_Academics\2025 Fall\Learning for 3D Vision\CMU16825_Final_project\3rd_party\DeepCAD\utils\export2step.py --src W:\CMU_Academics\2025 Fall\Learning for 3D Vision\CMU16825_Final_project\data\Omni-CAD\json --form json --num -1
2025-11-11 20:10:58,518 - INFO - Traceback (most recent call last):
2025-11-11 20:10:58,518 - INFO - File "W:\CMU_Academics\2025 Fall\Learning for 3D Vision\CMU16825_Final_project\3rd_party\DeepCAD\utils\export2step.py", line 4, in <module>
2025-11-11 20:10:58,518 - INFO - import h5py
2025-11-11 20:10:58,518 - INFO - ModuleNotFoundError: No module named 'h5py'
2025-11-11 20:10:58,521 - INFO - Export completed in 0.06 seconds (0.00 minutes)
2025-11-11 20:10:58,522 - ERROR - Export failed!
2025-11-11 20:10:58,522 - ERROR - STEP export failed. Exiting.
2025-11-11 20:10:58,522 - ERROR - FAILED: Processing encountered errors.
